◇ injected env (21) from .env // tip: ⌘ custom filepath { path: '/custom/path/.env' }
모든 테이블 준비 완료
서버 실행 중: http://localhost:3001
[하드웨어] SERIAL_PORT 미설정 - 시뮬레이션 모드
[하드웨어 모듈] 초기화 완료
[네이버 동기화] 스케줄러 시작: 이메일=600000ms 크롤러=3600000ms
SQLite connected: C:\git\shared-warehouse\backend\warehouse.db
[네이버 동기화] EMAIL_USER 또는 EMAIL_PASSWORD가 설정되지 않아 이메일 동기화를 건너뜁니다
[네이버 동기화] 이메일 처리됨: 0
[네이버 동기화] EMAIL_USER 또는 EMAIL_PASSWORD가 설정되지 않아 이메일 동기화를 건너뜁니다
[네이버 동기화] 이메일 처리됨: 0
[네이버 동기화] EMAIL_USER 또는 EMAIL_PASSWORD가 설정되지 않아 이메일 동기화를 건너뜁니다
[네이버 동기화] 이메일 처리됨: 0
[네이버 동기화] EMAIL_USER 또는 EMAIL_PASSWORD가 설정되지 않아 이메일 동기화를 건너뜁니다
[네이버 동기화] 이메일 처리됨: 0
[네이버 동기화] EMAIL_USER 또는 EMAIL_PASSWORD가 설정되지 않아 이메일 동기화를 건너뜁니다
[네이버 동기화] 이메일 처리됨: 0
[네이버 크롤러] NAVER_PARTNER_ID 또는 NAVER_PARTNER_PW가 설정되지 않아 크롤러 동기화를 건너뜁니다
[네이버 크롤러] 인증정보_누락으로_건너뜀 시도=- 성공=예 
[네이버 크롤러] 동기화됨: 0
[네이버 동기화] EMAIL_USER 또는 EMAIL_PASSWORD가 설정되지 않아 이메일 동기화를 건너뜁니다
[네이버 동기화] 이메일 처리됨: 0
[네이버 동기화] EMAIL_USER 또는 EMAIL_PASSWORD가 설정되지 않아 이메일 동기화를 건너뜁니다
[네이버 동기화] 이메일 처리됨: 0
[네이버 동기화] EMAIL_USER 또는 EMAIL_PASSWORD가 설정되지 않아 이메일 동기화를 건너뜁니다
[네이버 동기화] 이메일 처리됨: 0
